# JRE version: OpenJDK Runtime Environment (8.0_144-b01) (build 1.8.0_144-8u144-b01-2-b01)
# Java VM: OpenJDK 64-Bit Server VM (25.144-b01 mixed mode linux-amd64 compressed oops)
Heap:
 PSYoungGen      total 1140736K, used 19237K [0x000000076cf00000, 0x00000007b4280000, 0x00000007c0000000)
  eden space 1117696K, 0% used [0x000000076cf00000,0x000000076cf00000,0x00000007b1280000)
  from space 23040K, 83% used [0x00000007b1280000,0x00000007b2549670,0x00000007b2900000)
  to   space 20992K, 0% used [0x00000007b2900000,0x00000007b2900000,0x00000007b3d80000)
 ParOldGen       total 144384K, used 19199K [0x00000006c6c00000, 0x00000006cf900000, 0x000000076cf00000)
  object space 144384K, 13% used [0x00000006c6c00000,0x00000006c7ebfe40,0x00000006cf900000)
 Metaspace       used 37164K, capacity 38804K, committed 38912K, reserved 1083392K
  class space    used 4225K, capacity 4509K, committed 4608K, reserved 1048576K
GC Heap History (10 events):
Event: 16,467 GC heap after
Heap after GC invocations=20 (full 2):
 PSYoungGen      total 898560K, used 14954K [0x000000076cf00000, 0x00000007a5000000, 0x00000007c0000000)
  eden space 881664K, 0% used [0x000000076cf00000,0x000000076cf00000,0x00000007a2c00000)
  from space 16896K, 88% used [0x00000007a3d80000,0x00000007a4c1abe8,0x00000007a4e00000)
  to   space 17920K, 0% used [0x00000007a2c00000,0x00000007a2c00000,0x00000007a3d80000)
 ParOldGen       total 144384K, used 19159K [0x00000006c6c00000, 0x00000006cf900000, 0x000000076cf00000)
  object space 144384K, 13% used [0x00000006c6c00000,0x00000006c7eb5e40,0x00000006cf900000)
 Metaspace       used 36661K, capacity 38118K, committed 38272K, reserved 1083392K
  class space    used 4208K, capacity 4480K, committed 4480K, reserved 1048576K
}
Event: 17,931 GC heap before
{Heap before GC invocations=21 (full 2):
 PSYoungGen      total 898560K, used 896618K [0x000000076cf00000, 0x00000007a5000000, 0x00000007c0000000)
  eden space 881664K, 100% used [0x000000076cf00000,0x00000007a2c00000,0x00000007a2c00000)
  from space 16896K, 88% used [0x00000007a3d80000,0x00000007a4c1abe8,0x00000007a4e00000)
  to   space 17920K, 0% used [0x00000007a2c00000,0x00000007a2c00000,0x00000007a3d80000)
 ParOldGen       total 144384K, used 19159K [0x00000006c6c00000, 0x00000006cf900000, 0x000000076cf00000)
  object space 144384K, 13% used [0x00000006c6c00000,0x00000006c7eb5e40,0x00000006cf900000)
 Metaspace       used 36756K, capacity 38246K, committed 38272K, reserved 1083392K
  class space    used 4209K, capacity 4480K, committed 4480K, reserved 1048576K
Event: 17,941 GC heap after
Heap after GC invocations=21 (full 2):
 PSYoungGen      total 899584K, used 14778K [0x000000076cf00000, 0x00000007abe80000, 0x00000007c0000000)
  eden space 881664K, 0% used [0x000000076cf00000,0x000000076cf00000,0x00000007a2c00000)
  from space 17920K, 82% used [0x00000007a2c00000,0x00000007a3a6eb38,0x00000007a3d80000)
  to   space 18944K, 0% used [0x00000007aac00000,0x00000007aac00000,0x00000007abe80000)
 ParOldGen       total 144384K, used 19167K [0x00000006c6c00000, 0x00000006cf900000, 0x000000076cf00000)
  object space 144384K, 13% used [0x00000006c6c00000,0x00000006c7eb7e40,0x00000006cf900000)
 Metaspace       used 36756K, capacity 38246K, committed 38272K, reserved 1083392K
  class space    used 4209K, capacity 4480K, committed 4480K, reserved 1048576K
}
Event: 19,228 GC heap before
{Heap before GC invocations=22 (full 2):
 PSYoungGen      total 899584K, used 896442K [0x000000076cf00000, 0x00000007abe80000, 0x00000007c0000000)
  eden space 881664K, 100% used [0x000000076cf00000,0x00000007a2c00000,0x00000007a2c00000)
  from space 17920K, 82% used [0x00000007a2c00000,0x00000007a3a6eb38,0x00000007a3d80000)
  to   space 18944K, 0% used [0x00000007aac00000,0x00000007aac00000,0x00000007abe80000)
 ParOldGen       total 144384K, used 19167K [0x00000006c6c00000, 0x00000006cf900000, 0x000000076cf00000)
  object space 144384K, 13% used [0x00000006c6c00000,0x00000006c7eb7e40,0x00000006cf900000)
 Metaspace       used 36962K, capacity 38444K, committed 38656K, reserved 1083392K
  class space    used 4209K, capacity 4481K, committed 4608K, reserved 1048576K
Event: 19,240 GC heap after
Heap after GC invocations=22 (full 2):
 PSYoungGen      total 1011712K, used 16474K [0x000000076cf00000, 0x00000007ac100000, 0x00000007c0000000)
  eden space 992768K, 0% used [0x000000076cf00000,0x000000076cf00000,0x00000007a9880000)
  from space 18944K, 86% used [0x00000007aac00000,0x00000007abc169d8,0x00000007abe80000)
  to   space 19968K, 0% used [0x00000007a9880000,0x00000007a9880000,0x00000007aac00000)
 ParOldGen       total 144384K, used 19175K [0x00000006c6c00000, 0x00000006cf900000, 0x000000076cf00000)
  object space 144384K, 13% used [0x00000006c6c00000,0x00000006c7eb9e40,0x00000006cf900000)
 Metaspace       used 36962K, capacity 38444K, committed 38656K, reserved 1083392K
  class space    used 4209K, capacity 4481K, committed 4608K, reserved 1048576K
}
Event: 20,676 GC heap before
{Heap before GC invocations=23 (full 2):
 PSYoungGen      total 1011712K, used 1009242K [0x000000076cf00000, 0x00000007ac100000, 0x00000007c0000000)
  eden space 992768K, 100% used [0x000000076cf00000,0x00000007a9880000,0x00000007a9880000)
  from space 18944K, 86% used [0x00000007aac00000,0x00000007abc169d8,0x00000007abe80000)
  to   space 19968K, 0% used [0x00000007a9880000,0x00000007a9880000,0x00000007aac00000)
 ParOldGen       total 144384K, used 19175K [0x00000006c6c00000, 0x00000006cf900000, 0x000000076cf00000)
  object space 144384K, 13% used [0x00000006c6c00000,0x00000006c7eb9e40,0x00000006cf900000)
 Metaspace       used 37023K, capacity 38514K, committed 38656K, reserved 1083392K
  class space    used 4211K, capacity 4482K, committed 4608K, reserved 1048576K
Event: 20,688 GC heap after
Heap after GC invocations=23 (full 2):
 PSYoungGen      total 1012736K, used 17258K [0x000000076cf00000, 0x00000007b3d80000, 0x00000007c0000000)
  eden space 992768K, 0% used [0x000000076cf00000,0x000000076cf00000,0x00000007a9880000)
  from space 19968K, 86% used [0x00000007a9880000,0x00000007aa95aa88,0x00000007aac00000)
  to   space 20992K, 0% used [0x00000007b2900000,0x00000007b2900000,0x00000007b3d80000)
 ParOldGen       total 144384K, used 19183K [0x00000006c6c00000, 0x00000006cf900000, 0x000000076cf00000)
  object space 144384K, 13% used [0x00000006c6c00000,0x00000006c7ebbe40,0x00000006cf900000)
 Metaspace       used 37023K, capacity 38514K, committed 38656K, reserved 1083392K
  class space    used 4211K, capacity 4482K, committed 4608K, reserved 1048576K
}
Event: 22,223 GC heap before
{Heap before GC invocations=24 (full 2):
 PSYoungGen      total 1012736K, used 1010026K [0x000000076cf00000, 0x00000007b3d80000, 0x00000007c0000000)
  eden space 992768K, 100% used [0x000000076cf00000,0x00000007a9880000,0x00000007a9880000)
  from space 19968K, 86% used [0x00000007a9880000,0x00000007aa95aa88,0x00000007aac00000)
  to   space 20992K, 0% used [0x00000007b2900000,0x00000007b2900000,0x00000007b3d80000)
 ParOldGen       total 144384K, used 19183K [0x00000006c6c00000, 0x00000006cf900000, 0x000000076cf00000)
  object space 144384K, 13% used [0x00000006c6c00000,0x00000006c7ebbe40,0x00000006cf900000)
 Metaspace       used 37085K, capacity 38518K, committed 38656K, reserved 1083392K
  class space    used 4211K, capacity 4482K, committed 4608K, reserved 1048576K
Event: 22,237 GC heap after
Heap after GC invocations=24 (full 2):
 PSYoungGen      total 1138688K, used 19834K [0x000000076cf00000, 0x00000007b4280000, 0x00000007c0000000)
  eden space 1117696K, 0% used [0x000000076cf00000,0x000000076cf00000,0x00000007b1280000)
  from space 20992K, 94% used [0x00000007b2900000,0x00000007b3c5e9d8,0x00000007b3d80000)
  to   space 23040K, 0% used [0x00000007b1280000,0x00000007b1280000,0x00000007b2900000)
 ParOldGen       total 144384K, used 19191K [0x00000006c6c00000, 0x00000006cf900000, 0x000000076cf00000)
  object space 144384K, 13% used [0x00000006c6c00000,0x00000006c7ebde40,0x00000006cf900000)
 Metaspace       used 37085K, capacity 38518K, committed 38656K, reserved 1083392K
  class space    used 4211K, capacity 4482K, committed 4608K, reserved 1048576K
}
Event: 23,779 GC heap before
{Heap before GC invocations=25 (full 2):
 PSYoungGen      total 1138688K, used 1137530K [0x000000076cf00000, 0x00000007b4280000, 0x00000007c0000000)
  eden space 1117696K, 100% used [0x000000076cf00000,0x00000007b1280000,0x00000007b1280000)
  from space 20992K, 94% used [0x00000007b2900000,0x00000007b3c5e9d8,0x00000007b3d80000)
  to   space 23040K, 0% used [0x00000007b1280000,0x00000007b1280000,0x00000007b2900000)
 ParOldGen       total 144384K, used 19191K [0x00000006c6c00000, 0x00000006cf900000, 0x000000076cf00000)
  object space 144384K, 13% used [0x00000006c6c00000,0x00000006c7ebde40,0x00000006cf900000)
 Metaspace       used 37164K, capacity 38804K, committed 38912K, reserved 1083392K
  class space    used 4225K, capacity 4509K, committed 4608K, reserved 1048576K

